<?xml version="1.0" encoding="UTF-8"?>
<testsuite xmlns:xsi="http://www.w3.org/2001/XMLSchema-instance" xsi:noNamespaceSchemaLocation="https://maven.apache.org/surefire/maven-surefire-plugin/xsd/surefire-test-report-3.0.xsd" version="3.0" name="pe.edu.uni.restaurant.gryffindor_center_platform.GryffindorCenterPlatformApplicationTests" time="6.985" tests="1" errors="0" skipped="0" failures="0">
  <properties>
[...]
</properties>
  <testcase name="contextLoads" classname="pe.edu.uni.restaurant.gryffindor_center_platform.GryffindorCenterPlatformApplicationTests" time="0.396">
    <system-out><![CDATA[15:27:54.033 [main] INFO org.springframework.test.context.support.AnnotationConfigContextLoaderUtils -- Could not detect default configuration classes for test class [pe.edu.uni.restaurant.gryffindor_center_platform.GryffindorCenterPlatformApplicationTests]: GryffindorCenterPlatformApplicationTests does not declare any static, non-private, non-final, nested classes annotated with @Configuration.
15:27:54.185 [main] INFO org.springframework.boot.test.context.SpringBootTestContextBootstrapper -- Found @SpringBootConfiguration pe.edu.uni.restaurant.gryffindor_center_platform.GryffindorCenterPlatformApplication for test class pe.edu.uni.restaurant.gryffindor_center_platform.GryffindorCenterPlatformApplicationTests
15:27:54.370 [main] INFO org.springframework.boot.devtools.restart.RestartApplicationListener -- Restart disabled due to context in which it is running

  .   ____          _            __ _ _
 /\\ / ___'_ __ _ _(_)_ __  __ _ \ \ \ \
( ( )\___ | '_ | '_| | '_ \/ _` | \ \ \ \
 \\/  ___)| |_)| | | | | || (_| |  ) ) ) )
  '  |____| .__|_| |_|_| |_\__, | / / / /
 =========|_|==============|___/=/_/_/_/

 :: Spring Boot ::                (v3.3.6)

2024-12-01T15:27:54.676-05:00  INFO 9788 --- [gryffindor-center-platform] [           main] GryffindorCenterPlatformApplicationTests : Starting GryffindorCenterPlatformApplicationTests using Java 17.0.2 with PID 9788 (started by braya in C:\Users\braya\OneDrive\Documentos\NetBeansProjects\backend-gryffindor-center-platform-dev)
2024-12-01T15:27:54.679-05:00  INFO 9788 --- [gryffindor-center-platform] [           main] GryffindorCenterPlatformApplicationTests : No active profile set, falling back to 1 default profile: "default"
2024-12-01T15:27:55.858-05:00  INFO 9788 --- [gryffindor-center-platform] [           main] .s.d.r.c.RepositoryConfigurationDelegate : Bootstrapping Spring Data JPA repositories in DEFAULT mode.
2024-12-01T15:27:55.976-05:00  INFO 9788 --- [gryffindor-center-platform] [           main] .s.d.r.c.RepositoryConfigurationDelegate : Finished Spring Data repository scanning in 109 ms. Found 4 JPA repository interfaces.
2024-12-01T15:27:56.650-05:00  INFO 9788 --- [gryffindor-center-platform] [           main] o.hibernate.jpa.internal.util.LogHelper  : HHH000204: Processing PersistenceUnitInfo [name: default]
2024-12-01T15:27:56.726-05:00  INFO 9788 --- [gryffindor-center-platform] [           main] org.hibernate.Version                    : HHH000412: Hibernate ORM core version 6.5.3.Final
2024-12-01T15:27:56.774-05:00  INFO 9788 --- [gryffindor-center-platform] [           main] o.h.c.internal.RegionFactoryInitiator    : HHH000026: Second-level cache disabled
2024-12-01T15:27:57.153-05:00  INFO 9788 --- [gryffindor-center-platform] [           main] o.s.o.j.p.SpringPersistenceUnitInfo      : No LoadTimeWeaver setup: ignoring JPA class transformer
2024-12-01T15:27:57.191-05:00  INFO 9788 --- [gryffindor-center-platform] [           main] com.zaxxer.hikari.HikariDataSource       : HikariPool-1 - Starting...
2024-12-01T15:27:57.359-05:00  INFO 9788 --- [gryffindor-center-platform] [           main] com.zaxxer.hikari.pool.HikariPool        : HikariPool-1 - Added connection com.mysql.cj.jdbc.ConnectionImpl@4e52d2f2
2024-12-01T15:27:57.361-05:00  INFO 9788 --- [gryffindor-center-platform] [           main] com.zaxxer.hikari.HikariDataSource       : HikariPool-1 - Start completed.
2024-12-01T15:27:57.414-05:00  WARN 9788 --- [gryffindor-center-platform] [           main] org.hibernate.orm.deprecation            : HHH90000025: MySQLDialect does not need to be specified explicitly using 'hibernate.dialect' (remove the property setting and it will be selected by default)
2024-12-01T15:27:58.456-05:00  INFO 9788 --- [gryffindor-center-platform] [           main] o.h.e.t.j.p.i.JtaPlatformInitiator       : HHH000489: No JTA platform available (set 'hibernate.transaction.jta.platform' to enable JTA platform integration)
Hibernate: 
    create table mesas (
        id bigint not null auto_increment,
        created_at datetime(6) not null,
        updated_at datetime(6) not null,
        cantidad_sillas integer not null check ((cantidad_sillas>=1) and (cantidad_sillas<=8)),
        estado bit not null,
        primary key (id)
    ) engine=InnoDB
Hibernate: 
    create table reservations (
        id bigint not null auto_increment,
        created_at datetime(6) not null,
        updated_at datetime(6) not null,
        correo_usuario varchar(255),
        customer_quantity integer not null check ((customer_quantity>=1) and (customer_quantity<=8)),
        fecha_reserva datetime(6) not null,
        hora_reserva time(6) not null,
        nombre_completo_usuario varchar(255),
        reserved_id bigint not null check (reserved_id>=1),
        status tinyint not null check (status between 0 and 2),
        primary key (id)
    ) engine=InnoDB
Hibernate: 
    create table roles (
        id bigint not null auto_increment,
        name enum ('ROLE_ADMIN','ROLE_USER'),
        primary key (id)
    ) engine=InnoDB
Hibernate: 
    create table users (
        id bigint not null auto_increment,
        created_at datetime(6) not null,
        updated_at datetime(6) not null,
        password varchar(120) not null,
        user_name varchar(50) not null,
        primary key (id)
    ) engine=InnoDB
Hibernate: 
    create table user_roles (
        user_id bigint not null,
        role_id bigint not null,
        primary key (user_id, role_id)
    ) engine=InnoDB
Hibernate: 
    alter table users 
       drop index UKk8d0f2n7n88w1a16yhua64onx
Hibernate: 
    alter table users 
       add constraint UKk8d0f2n7n88w1a16yhua64onx unique (user_name)
Hibernate: 
    alter table user_roles 
       add constraint FKh8ciramu9cc9q3qcqiv4ue8a6 
       foreign key (role_id) 
       references roles (id)
Hibernate: 
    alter table user_roles 
       add constraint FKhfh9dx7w3ubf1co1vdev94g3f 
       foreign key (user_id) 
       references users (id)
2024-12-01T15:27:58.801-05:00  INFO 9788 --- [gryffindor-center-platform] [           main] j.LocalContainerEntityManagerFactoryBean : Initialized JPA EntityManagerFactory for persistence unit 'default'
2024-12-01T15:27:59.269-05:00  INFO 9788 --- [gryffindor-center-platform] [           main] eAuthenticationProviderManagerConfigurer : Global AuthenticationManager configured with AuthenticationProvider bean with name authenticationProvider
2024-12-01T15:27:59.270-05:00  WARN 9788 --- [gryffindor-center-platform] [           main] r$InitializeUserDetailsManagerConfigurer : Global AuthenticationManager configured with an AuthenticationProvider bean. UserDetailsService beans will not be used for username/password login. Consider removing the AuthenticationProvider bean. Alternatively, consider using the UserDetailsService in a manually instantiated DaoAuthenticationProvider.
2024-12-01T15:28:00.216-05:00  INFO 9788 --- [gryffindor-center-platform] [           main] GryffindorCenterPlatformApplicationTests : Started GryffindorCenterPlatformApplicationTests in 5.861 seconds (process running for 6.929)
2024-12-01T15:28:00.218-05:00  INFO 9788 --- [gryffindor-center-platform] [           main] r.g.i.a.i.e.ApplicationReadyEventHandler : Starting to verify if roles seeding is needed for gryffindor-center-platform at 2024-12-01 15:28:00.218
Hibernate: 
    select
        r1_0.id 
    from
        roles r1_0 
    where
        r1_0.name=? 
    limit
        ?
Hibernate: 
    insert 
    into
        roles
        (name) 
    values
        (?)
Hibernate: 
    select
        r1_0.id 
    from
        roles r1_0 
    where
        r1_0.name=? 
    limit
        ?
Hibernate: 
    insert 
    into
        roles
        (name) 
    values
        (?)
2024-12-01T15:28:00.439-05:00  INFO 9788 --- [gryffindor-center-platform] [           main] r.g.i.a.i.e.ApplicationReadyEventHandler : Roles seeding verification finished for gryffindor-center-platform at 2024-12-01 15:28:00.439
]]></system-out>
  </testcase>
</testsuite>